Using pre-set license

 COMMAND LINE ARGUMENTS:
/Applications/2020.3.11f1/Unity.app/Contents/MacOS/Unity
-adb2
-batchMode
-noUpm
-name
AssetImportWorker1
-projectPath
/Users/kristobiasson/Documents/UnityApps/MurderByDeath
-logFile
Logs/AssetImportWorker1.log
-srvPort
50567
Successfully changed project path to: /Users/kristobiasson/Documents/UnityApps/MurderByDeath
/Users/kristobiasson/Documents/UnityApps/MurderByDeath
Using Asset Import Pipeline V2.
Refreshing native plugins compatible for Editor in 38.13 ms, found 2 plugins.
Preloading 0 native plugins for Editor in 0.00 ms.
Initialize engine version: 2020.3.11f1 (99c7afb366b3)
[Subsystems] Discovering subsystems at path /Applications/2020.3.11f1/Unity.app/Contents/Resources/UnitySubsystems
[Subsystems] Discovering subsystems at path /Users/kristobiasson/Documents/UnityApps/MurderByDeath/Assets
GfxDevice: creating device client; threaded=0
2021-06-09 16:50:21.077 Unity[25486:825959] iMac preferred device: NVIDIA GeForce GTX 680MX (high power)
2021-06-09 16:50:21.077 Unity[25486:825959] Metal devices available: 1
2021-06-09 16:50:21.077 Unity[25486:825959] 0: NVIDIA GeForce GTX 680MX (high power)
2021-06-09 16:50:21.078 Unity[25486:825959] Using device NVIDIA GeForce GTX 680MX (high power)
Initializing Metal device caps: NVIDIA GeForce GTX 680MX
Initialize mono
Mono path[0] = '/Applications/2020.3.11f1/Unity.app/Contents/Managed'
Mono path[1] = '/Applications/2020.3.11f1/Unity.app/Contents/MonoBleedingEdge/lib/mono/unityjit'
Mono config path = '/Applications/2020.3.11f1/Unity.app/Contents/MonoBleedingEdge/etc'
Using monoOptions --debugger-agent=transport=dt_socket,embedding=1,server=y,suspend=n,address=127.0.0.1:56486
Begin MonoManager ReloadAssembly
Registering precompiled unity dll's ...
Register platform support module: /Applications/2020.3.11f1/PlaybackEngines/WebGLSupport/UnityEditor.WebGL.Extensions.dll
Register platform support module: /Applications/2020.3.11f1/Unity.app/Contents/PlaybackEngines/MacStandaloneSupport/UnityEditor.OSXStandalone.Extensions.dll
Register platform support module: /Applications/2020.3.11f1/PlaybackEngines/WindowsStandaloneSupport/UnityEditor.WindowsStandalone.Extensions.dll
Registered in 0.002857 seconds.
Native extension for WindowsStandalone target not found
Native extension for OSXStandalone target not found
Native extension for WebGL target not found
Refreshing native plugins compatible for Editor in 35.02 ms, found 2 plugins.
Preloading 0 native plugins for Editor in 0.00 ms.
Mono: successfully reloaded assembly
- Completed reload, in  4.854 seconds
Platform modules already initialized, skipping
Registering precompiled user dll's ...
Registered in 0.003065 seconds.
Begin MonoManager ReloadAssembly
Native extension for WindowsStandalone target not found
Native extension for OSXStandalone target not found
Native extension for WebGL target not found
Refreshing native plugins compatible for Editor in 0.37 ms, found 2 plugins.
Preloading 0 native plugins for Editor in 0.00 ms.
Mono: successfully reloaded assembly
- Completed reload, in  1.448 seconds
Platform modules already initialized, skipping
========================================================================
Worker process is ready to serve import requests
Launching external process: /Applications/2020.3.11f1/Unity.app/Contents/Tools/UnityShaderCompiler
Launched and connected shader compiler UnityShaderCompiler after 0.02 seconds
Refreshing native plugins compatible for Editor in 0.34 ms, found 2 plugins.
Preloading 0 native plugins for Editor in 0.00 ms.
Unloading 1415 Unused Serialized files (Serialized files now loaded: 0)
System memory in use before: 137.3 MB.
System memory in use after: 137.4 MB.

Unloading 19 unused Assets to reduce memory usage. Loaded Objects now: 1848.
Total: 2.067278 ms (FindLiveObjects: 0.160393 ms CreateObjectMapping: 0.051480 ms MarkObjects: 1.756246 ms  DeleteObjects: 0.098048 ms)

========================================================================
Received Import Request.
  path: Assets/TouchKitDemos
  artifactKey: Guid(6f6c0f442d4a741f2958c9ef8d149131) Importer(815301076,1909f56bfc062723c751e8b465ee728b)
Start importing Assets/TouchKitDemos using Guid(6f6c0f442d4a741f2958c9ef8d149131) Importer(815301076,1909f56bfc062723c751e8b465ee728b)  -> (artifact id: '20bb0fe20cb76dcf15f147e3f6251466') in 0.004353 seconds
  Import took 0.006793 seconds .

========================================================================
Received Import Request.
  Time since last request: 0.000270 seconds.
  path: Assets/TouchKit/Gizmos
  artifactKey: Guid(5233e7523824147a3b00f35e5513f2b0) Importer(815301076,1909f56bfc062723c751e8b465ee728b)
Start importing Assets/TouchKit/Gizmos using Guid(5233e7523824147a3b00f35e5513f2b0) Importer(815301076,1909f56bfc062723c751e8b465ee728b)  -> (artifact id: '6899c939ac886bef3c19d8f902cdab8d') in 0.000921 seconds
  Import took 0.002643 seconds .

========================================================================
Received Prepare
Registering precompiled user dll's ...
Registered in 0.003074 seconds.
Begin MonoManager ReloadAssembly
Native extension for WindowsStandalone target not found
Native extension for OSXStandalone target not found
Native extension for WebGL target not found
Refreshing native plugins compatible for Editor in 0.38 ms, found 2 plugins.
Preloading 0 native plugins for Editor in 0.00 ms.
Mono: successfully reloaded assembly
- Completed reload, in  1.407 seconds
Platform modules already initialized, skipping
Switching build target platform(2) subTarget(0) extendedPlatform(0) -> platform(9) subTarget(16777218) extendedPlatform(0)
Refreshing native plugins compatible for Editor in 0.37 ms, found 2 plugins.
Preloading 0 native plugins for Editor in 0.00 ms.
Unloading 1410 Unused Serialized files (Serialized files now loaded: 0)
System memory in use before: 137.3 MB.
System memory in use after: 137.4 MB.

Unloading 17 unused Assets to reduce memory usage. Loaded Objects now: 1848.
Total: 2.261579 ms (FindLiveObjects: 0.198769 ms CreateObjectMapping: 0.094043 ms MarkObjects: 1.906246 ms  DeleteObjects: 0.061479 ms)

AssetImportParameters requested are different than current active one (requested -> active):
  custom:graphics/normal-map-encoding: 01000000000000000000000000000000 -> 02000000000000000000000000000000
========================================================================
Received Prepare
Registering precompiled user dll's ...
Registered in 0.001903 seconds.
Begin MonoManager ReloadAssembly
Native extension for WindowsStandalone target not found
Native extension for OSXStandalone target not found
Native extension for WebGL target not found
Refreshing native plugins compatible for Editor in 0.36 ms, found 2 plugins.
Preloading 0 native plugins for Editor in 0.00 ms.
Mono: successfully reloaded assembly
- Completed reload, in  1.353 seconds
Platform modules already initialized, skipping
Switching build target platform(2) subTarget(0) extendedPlatform(0) -> platform(9) subTarget(16777218) extendedPlatform(0)
Refreshing native plugins compatible for Editor in 0.35 ms, found 2 plugins.
Preloading 0 native plugins for Editor in 0.00 ms.
Unloading 1410 Unused Serialized files (Serialized files now loaded: 0)
System memory in use before: 137.5 MB.
System memory in use after: 137.5 MB.

Unloading 14 unused Assets to reduce memory usage. Loaded Objects now: 1851.
Total: 2.224042 ms (FindLiveObjects: 0.191363 ms CreateObjectMapping: 0.089741 ms MarkObjects: 1.889407 ms  DeleteObjects: 0.052469 ms)

AssetImportParameters requested are different than current active one (requested -> active):
  custom:graphics/normal-map-encoding: 01000000000000000000000000000000 -> 02000000000000000000000000000000
========================================================================
Received Prepare
Registering precompiled user dll's ...
Registered in 0.002920 seconds.
Begin MonoManager ReloadAssembly
Native extension for WindowsStandalone target not found
Native extension for OSXStandalone target not found
Native extension for WebGL target not found
Refreshing native plugins compatible for Editor in 0.39 ms, found 2 plugins.
Preloading 0 native plugins for Editor in 0.00 ms.
Mono: successfully reloaded assembly
- Completed reload, in  1.429 seconds
Platform modules already initialized, skipping
Switching build target platform(2) subTarget(0) extendedPlatform(0) -> platform(9) subTarget(16777218) extendedPlatform(0)
Refreshing native plugins compatible for Editor in 0.38 ms, found 2 plugins.
Preloading 0 native plugins for Editor in 0.00 ms.
Unloading 1410 Unused Serialized files (Serialized files now loaded: 0)
System memory in use before: 137.6 MB.
System memory in use after: 137.7 MB.

Unloading 14 unused Assets to reduce memory usage. Loaded Objects now: 1854.
Total: 2.390973 ms (FindLiveObjects: 0.211950 ms CreateObjectMapping: 0.094082 ms MarkObjects: 2.021486 ms  DeleteObjects: 0.062337 ms)

AssetImportParameters requested are different than current active one (requested -> active):
  custom:graphics/normal-map-encoding: 01000000000000000000000000000000 -> 02000000000000000000000000000000
========================================================================
Received Import Request.
  Time since last request: 199.364631 seconds.
  path: Assets/TouchKitPackage
  artifactKey: Guid(fb3345401c577427c8fb418a150730b2) Importer(815301076,1909f56bfc062723c751e8b465ee728b)
Start importing Assets/TouchKitPackage using Guid(fb3345401c577427c8fb418a150730b2) Importer(815301076,1909f56bfc062723c751e8b465ee728b)  -> (artifact id: '56a6d25d4fb200a25c92c136d5c45637') in 0.005580 seconds
  Import took 0.008202 seconds .

========================================================================
Received Prepare
Registering precompiled user dll's ...
Registered in 0.001901 seconds.
Begin MonoManager ReloadAssembly
Native extension for WindowsStandalone target not found
Native extension for OSXStandalone target not found
Native extension for WebGL target not found
Refreshing native plugins compatible for Editor in 0.38 ms, found 2 plugins.
Preloading 0 native plugins for Editor in 0.00 ms.
Mono: successfully reloaded assembly
- Completed reload, in  1.369 seconds
Platform modules already initialized, skipping
Switching build target platform(2) subTarget(0) extendedPlatform(0) -> platform(9) subTarget(16777218) extendedPlatform(0)
Refreshing native plugins compatible for Editor in 0.33 ms, found 2 plugins.
Preloading 0 native plugins for Editor in 0.00 ms.
Unloading 1410 Unused Serialized files (Serialized files now loaded: 0)
System memory in use before: 137.8 MB.
System memory in use after: 137.9 MB.

Unloading 14 unused Assets to reduce memory usage. Loaded Objects now: 1857.
Total: 1.980120 ms (FindLiveObjects: 0.155012 ms CreateObjectMapping: 0.051259 ms MarkObjects: 1.713438 ms  DeleteObjects: 0.059094 ms)

AssetImportParameters requested are different than current active one (requested -> active):
  custom:graphics/normal-map-encoding: 01000000000000000000000000000000 -> 02000000000000000000000000000000
========================================================================
Received Prepare
Registering precompiled user dll's ...
Registered in 0.002215 seconds.
Begin MonoManager ReloadAssembly
Native extension for WindowsStandalone target not found
Native extension for OSXStandalone target not found
Native extension for WebGL target not found
Refreshing native plugins compatible for Editor in 0.37 ms, found 2 plugins.
Preloading 0 native plugins for Editor in 0.00 ms.
Mono: successfully reloaded assembly
- Completed reload, in  1.601 seconds
Platform modules already initialized, skipping
Switching build target platform(2) subTarget(0) extendedPlatform(0) -> platform(9) subTarget(16777218) extendedPlatform(0)
Refreshing native plugins compatible for Editor in 0.37 ms, found 2 plugins.
Preloading 0 native plugins for Editor in 0.00 ms.
Unloading 1410 Unused Serialized files (Serialized files now loaded: 0)
System memory in use before: 138.0 MB.
System memory in use after: 138.1 MB.

Unloading 14 unused Assets to reduce memory usage. Loaded Objects now: 1860.
Total: 2.597083 ms (FindLiveObjects: 0.243336 ms CreateObjectMapping: 0.117911 ms MarkObjects: 2.168422 ms  DeleteObjects: 0.066086 ms)

AssetImportParameters requested are different than current active one (requested -> active):
  custom:graphics/normal-map-encoding: 01000000000000000000000000000000 -> 02000000000000000000000000000000
========================================================================
Received Import Request.
  Time since last request: 41.371613 seconds.
  path: Assets/TouchKit
  artifactKey: Guid(53475d189d15b40a393c0e110c425085) Importer(815301076,1909f56bfc062723c751e8b465ee728b)
Start importing Assets/TouchKit using Guid(53475d189d15b40a393c0e110c425085) Importer(815301076,1909f56bfc062723c751e8b465ee728b)  -> (artifact id: '04e9c3a33d0dd90249a3719d10ea9166') in 0.006150 seconds
  Import took 0.008767 seconds .

========================================================================
Received Prepare
Registering precompiled user dll's ...
Registered in 0.001872 seconds.
Begin MonoManager ReloadAssembly
Native extension for WindowsStandalone target not found
Native extension for OSXStandalone target not found
Native extension for WebGL target not found
Refreshing native plugins compatible for Editor in 0.41 ms, found 2 plugins.
Preloading 0 native plugins for Editor in 0.00 ms.
Mono: successfully reloaded assembly
- Completed reload, in  1.353 seconds
Platform modules already initialized, skipping
Switching build target platform(2) subTarget(0) extendedPlatform(0) -> platform(9) subTarget(16777218) extendedPlatform(0)
Refreshing native plugins compatible for Editor in 0.34 ms, found 2 plugins.
Preloading 0 native plugins for Editor in 0.00 ms.
Unloading 1410 Unused Serialized files (Serialized files now loaded: 0)
System memory in use before: 138.2 MB.
System memory in use after: 138.2 MB.

Unloading 14 unused Assets to reduce memory usage. Loaded Objects now: 1863.
Total: 1.915455 ms (FindLiveObjects: 0.155969 ms CreateObjectMapping: 0.051610 ms MarkObjects: 1.647136 ms  DeleteObjects: 0.059127 ms)

AssetImportParameters requested are different than current active one (requested -> active):
  custom:graphics/normal-map-encoding: 01000000000000000000000000000000 -> 02000000000000000000000000000000
========================================================================
Received Import Request.
  Time since last request: 49.350083 seconds.
  path: Assets/Scenes/TouchExamples.unity
  artifactKey: Guid(9fc0d4010bbf28b4594072e72b8655ab) Importer(815301076,1909f56bfc062723c751e8b465ee728b)
Start importing Assets/Scenes/TouchExamples.unity using Guid(9fc0d4010bbf28b4594072e72b8655ab) Importer(815301076,1909f56bfc062723c751e8b465ee728b)  -> (artifact id: '39ce6671fa7d7d23c390160fe590953f') in 0.016148 seconds
  Import took 0.020339 seconds .

========================================================================
Received Import Request.
  Time since last request: 3.401598 seconds.
  path: Assets/Scripts/Examples/TouchExample.cs
  artifactKey: Guid(211c898be4711423c9c8ad299932c82e) Importer(815301076,1909f56bfc062723c751e8b465ee728b)
Start importing Assets/Scripts/Examples/TouchExample.cs using Guid(211c898be4711423c9c8ad299932c82e) Importer(815301076,1909f56bfc062723c751e8b465ee728b)  -> (artifact id: '8d2a37799bfb537f3f9ada6a307b8925') in 0.377639 seconds
  Import took 0.380476 seconds .

========================================================================
Received Prepare
Registering precompiled user dll's ...
Registered in 0.002732 seconds.
Begin MonoManager ReloadAssembly
Native extension for WindowsStandalone target not found
Native extension for OSXStandalone target not found
Native extension for WebGL target not found
Refreshing native plugins compatible for Editor in 0.36 ms, found 2 plugins.
Preloading 0 native plugins for Editor in 0.00 ms.
Mono: successfully reloaded assembly
- Completed reload, in  1.436 seconds
Platform modules already initialized, skipping
Switching build target platform(2) subTarget(0) extendedPlatform(0) -> platform(9) subTarget(16777218) extendedPlatform(0)
Refreshing native plugins compatible for Editor in 0.38 ms, found 2 plugins.
Preloading 0 native plugins for Editor in 0.00 ms.
Unloading 1410 Unused Serialized files (Serialized files now loaded: 0)
System memory in use before: 142.8 MB.
System memory in use after: 142.8 MB.

Unloading 14 unused Assets to reduce memory usage. Loaded Objects now: 1866.
Total: 2.046199 ms (FindLiveObjects: 0.167717 ms CreateObjectMapping: 0.054549 ms MarkObjects: 1.760760 ms  DeleteObjects: 0.062057 ms)

AssetImportParameters requested are different than current active one (requested -> active):
  custom:graphics/normal-map-encoding: 01000000000000000000000000000000 -> 02000000000000000000000000000000
========================================================================
Received Prepare
Registering precompiled user dll's ...
Registered in 0.003572 seconds.
Begin MonoManager ReloadAssembly
Native extension for WindowsStandalone target not found
Native extension for OSXStandalone target not found
Native extension for WebGL target not found
Refreshing native plugins compatible for Editor in 0.37 ms, found 2 plugins.
Preloading 0 native plugins for Editor in 0.00 ms.
Mono: successfully reloaded assembly
- Completed reload, in  1.390 seconds
Platform modules already initialized, skipping
Switching build target platform(2) subTarget(0) extendedPlatform(0) -> platform(9) subTarget(16777218) extendedPlatform(0)
Refreshing native plugins compatible for Editor in 0.36 ms, found 2 plugins.
Preloading 0 native plugins for Editor in 0.00 ms.
Unloading 1410 Unused Serialized files (Serialized files now loaded: 0)
System memory in use before: 142.9 MB.
System memory in use after: 143.0 MB.

Unloading 14 unused Assets to reduce memory usage. Loaded Objects now: 1869.
Total: 1.966630 ms (FindLiveObjects: 0.172903 ms CreateObjectMapping: 0.051993 ms MarkObjects: 1.679425 ms  DeleteObjects: 0.061162 ms)

AssetImportParameters requested are different than current active one (requested -> active):
  custom:graphics/normal-map-encoding: 01000000000000000000000000000000 -> 02000000000000000000000000000000
========================================================================
Received Prepare
Registering precompiled user dll's ...
Registered in 0.005034 seconds.
Begin MonoManager ReloadAssembly
Native extension for WindowsStandalone target not found
Native extension for OSXStandalone target not found
Native extension for WebGL target not found
Refreshing native plugins compatible for Editor in 0.38 ms, found 2 plugins.
Preloading 0 native plugins for Editor in 0.00 ms.
Mono: successfully reloaded assembly
- Completed reload, in  1.661 seconds
Platform modules already initialized, skipping
Switching build target platform(2) subTarget(0) extendedPlatform(0) -> platform(9) subTarget(16777218) extendedPlatform(0)
Refreshing native plugins compatible for Editor in 0.38 ms, found 2 plugins.
Preloading 0 native plugins for Editor in 0.00 ms.
Unloading 1410 Unused Serialized files (Serialized files now loaded: 0)
System memory in use before: 143.1 MB.
System memory in use after: 143.2 MB.

Unloading 14 unused Assets to reduce memory usage. Loaded Objects now: 1872.
Total: 2.821522 ms (FindLiveObjects: 0.263440 ms CreateObjectMapping: 0.123041 ms MarkObjects: 2.343096 ms  DeleteObjects: 0.090462 ms)

AssetImportParameters requested are different than current active one (requested -> active):
  custom:graphics/normal-map-encoding: 01000000000000000000000000000000 -> 02000000000000000000000000000000
========================================================================
Received Import Request.
  Time since last request: 840.139740 seconds.
  path: Assets/Scripts/Helpers/Singleton.cs
  artifactKey: Guid(a186aabe119914fe29742a8fdfd604e5) Importer(815301076,1909f56bfc062723c751e8b465ee728b)
Start importing Assets/Scripts/Helpers/Singleton.cs using Guid(a186aabe119914fe29742a8fdfd604e5) Importer(815301076,1909f56bfc062723c751e8b465ee728b)  -> (artifact id: '0ae14a19591830e0ae5983959a451c87') in 0.007976 seconds
  Import took 0.011568 seconds .

========================================================================
Received Import Request.
  Time since last request: 0.000259 seconds.
  path: Assets/Scripts/Utilities/StorageSystem.cs
  artifactKey: Guid(7ca9be05ac2304de9904a834230820a0) Importer(815301076,1909f56bfc062723c751e8b465ee728b)
Start importing Assets/Scripts/Utilities/StorageSystem.cs using Guid(7ca9be05ac2304de9904a834230820a0) Importer(815301076,1909f56bfc062723c751e8b465ee728b)  -> (artifact id: 'b144ad7470a92cb9b561d63cb38d760d') in 0.004291 seconds
  Import took 0.007167 seconds .

========================================================================
Received Import Request.
  Time since last request: 5.852100 seconds.
  path: Assets/TouchKit/Recognizers/TKPinchRecognizer.cs
  artifactKey: Guid(6fbc0b12876354ebb9ebe2a28e3d9709) Importer(815301076,1909f56bfc062723c751e8b465ee728b)
Start importing Assets/TouchKit/Recognizers/TKPinchRecognizer.cs using Guid(6fbc0b12876354ebb9ebe2a28e3d9709) Importer(815301076,1909f56bfc062723c751e8b465ee728b)  -> (artifact id: '35a8ab8a6136a3d68313a91f7192157b') in 0.004612 seconds
  Import took 0.007422 seconds .

========================================================================
Received Import Request.
  Time since last request: 0.001517 seconds.
  path: Assets/TouchKit/Recognizers/TKPinchRecognizer.cs
  artifactKey: Guid(6fbc0b12876354ebb9ebe2a28e3d9709) Importer(815301076,1909f56bfc062723c751e8b465ee728b)
Start importing Assets/TouchKit/Recognizers/TKPinchRecognizer.cs using Guid(6fbc0b12876354ebb9ebe2a28e3d9709) Importer(815301076,1909f56bfc062723c751e8b465ee728b)  -> (artifact id: '35a8ab8a6136a3d68313a91f7192157b') in 0.005040 seconds
  Import took 0.007966 seconds .

========================================================================
Received Prepare
Registering precompiled user dll's ...
Registered in 0.003204 seconds.
Begin MonoManager ReloadAssembly
Native extension for WindowsStandalone target not found
Native extension for OSXStandalone target not found
Native extension for WebGL target not found
Refreshing native plugins compatible for Editor in 0.37 ms, found 2 plugins.
Preloading 0 native plugins for Editor in 0.00 ms.
Mono: successfully reloaded assembly
- Completed reload, in  1.378 seconds
Platform modules already initialized, skipping
Switching build target platform(2) subTarget(0) extendedPlatform(0) -> platform(9) subTarget(16777218) extendedPlatform(0)
Refreshing native plugins compatible for Editor in 0.40 ms, found 2 plugins.
Preloading 0 native plugins for Editor in 0.00 ms.
Unloading 1410 Unused Serialized files (Serialized files now loaded: 0)
System memory in use before: 143.3 MB.
System memory in use after: 143.4 MB.

Unloading 14 unused Assets to reduce memory usage. Loaded Objects now: 1875.
Total: 2.529076 ms (FindLiveObjects: 0.236383 ms CreateObjectMapping: 0.111982 ms MarkObjects: 2.113733 ms  DeleteObjects: 0.065931 ms)

AssetImportParameters requested are different than current active one (requested -> active):
  custom:graphics/normal-map-encoding: 01000000000000000000000000000000 -> 02000000000000000000000000000000
========================================================================
Received Import Request.
  Time since last request: 761.800084 seconds.
  path: Assets/TouchKit/Recognizers/TKPinchRecognizer.cs
  artifactKey: Guid(6fbc0b12876354ebb9ebe2a28e3d9709) Importer(815301076,1909f56bfc062723c751e8b465ee728b)
Start importing Assets/TouchKit/Recognizers/TKPinchRecognizer.cs using Guid(6fbc0b12876354ebb9ebe2a28e3d9709) Importer(815301076,1909f56bfc062723c751e8b465ee728b)  -> (artifact id: '499fff5d8063d33197877723763ea15a') in 0.009621 seconds
  Import took 0.012267 seconds .

========================================================================
Received Import Request.
  Time since last request: 2.612525 seconds.
  path: Assets/TouchKit/Recognizers/TKPinchRecognizer.cs
  artifactKey: Guid(6fbc0b12876354ebb9ebe2a28e3d9709) Importer(815301076,1909f56bfc062723c751e8b465ee728b)
Start importing Assets/TouchKit/Recognizers/TKPinchRecognizer.cs using Guid(6fbc0b12876354ebb9ebe2a28e3d9709) Importer(815301076,1909f56bfc062723c751e8b465ee728b)  -> (artifact id: '499fff5d8063d33197877723763ea15a') in 0.005739 seconds
  Import took 0.008722 seconds .

========================================================================
Received Prepare
Registering precompiled user dll's ...
Registered in 0.002933 seconds.
Begin MonoManager ReloadAssembly
Native extension for WindowsStandalone target not found
Native extension for OSXStandalone target not found
Native extension for WebGL target not found
Refreshing native plugins compatible for Editor in 0.35 ms, found 2 plugins.
Preloading 0 native plugins for Editor in 0.00 ms.
Mono: successfully reloaded assembly
- Completed reload, in  1.386 seconds
Platform modules already initialized, skipping
Switching build target platform(2) subTarget(0) extendedPlatform(0) -> platform(9) subTarget(16777218) extendedPlatform(0)
Refreshing native plugins compatible for Editor in 0.35 ms, found 2 plugins.
Preloading 0 native plugins for Editor in 0.00 ms.
Unloading 1410 Unused Serialized files (Serialized files now loaded: 0)
System memory in use before: 143.4 MB.
System memory in use after: 143.5 MB.

Unloading 14 unused Assets to reduce memory usage. Loaded Objects now: 1878.
Total: 2.001079 ms (FindLiveObjects: 0.169565 ms CreateObjectMapping: 0.062559 ms MarkObjects: 1.707404 ms  DeleteObjects: 0.060424 ms)

AssetImportParameters requested are different than current active one (requested -> active):
  custom:graphics/normal-map-encoding: 01000000000000000000000000000000 -> 02000000000000000000000000000000
========================================================================
Received Import Request.
  Time since last request: 402.398216 seconds.
  path: Assets/TouchKit/Recognizers/TKPinchRecognizer.cs
  artifactKey: Guid(6fbc0b12876354ebb9ebe2a28e3d9709) Importer(815301076,1909f56bfc062723c751e8b465ee728b)
Start importing Assets/TouchKit/Recognizers/TKPinchRecognizer.cs using Guid(6fbc0b12876354ebb9ebe2a28e3d9709) Importer(815301076,1909f56bfc062723c751e8b465ee728b)  -> (artifact id: '9a6df34e699ff642e035ea0387634833') in 0.006740 seconds
  Import took 0.009111 seconds .

========================================================================
Received Prepare
Registering precompiled user dll's ...
Registered in 0.003426 seconds.
Begin MonoManager ReloadAssembly
Native extension for WindowsStandalone target not found
Native extension for OSXStandalone target not found
Native extension for WebGL target not found
Refreshing native plugins compatible for Editor in 0.39 ms, found 2 plugins.
Preloading 0 native plugins for Editor in 0.00 ms.
Mono: successfully reloaded assembly
- Completed reload, in  1.549 seconds
Platform modules already initialized, skipping
Switching build target platform(2) subTarget(0) extendedPlatform(0) -> platform(9) subTarget(16777218) extendedPlatform(0)
Refreshing native plugins compatible for Editor in 0.39 ms, found 2 plugins.
Preloading 0 native plugins for Editor in 0.00 ms.
Unloading 1410 Unused Serialized files (Serialized files now loaded: 0)
System memory in use before: 143.6 MB.
System memory in use after: 143.7 MB.

Unloading 14 unused Assets to reduce memory usage. Loaded Objects now: 1881.
Total: 2.575733 ms (FindLiveObjects: 0.248142 ms CreateObjectMapping: 0.116466 ms MarkObjects: 2.145714 ms  DeleteObjects: 0.064252 ms)

AssetImportParameters requested are different than current active one (requested -> active):
  custom:graphics/normal-map-encoding: 01000000000000000000000000000000 -> 02000000000000000000000000000000
========================================================================
Received Prepare
Registering precompiled user dll's ...
Registered in 0.003240 seconds.
Begin MonoManager ReloadAssembly
Native extension for WindowsStandalone target not found
Native extension for OSXStandalone target not found
Native extension for WebGL target not found
Refreshing native plugins compatible for Editor in 0.37 ms, found 2 plugins.
Preloading 0 native plugins for Editor in 0.00 ms.
Mono: successfully reloaded assembly
- Completed reload, in  1.424 seconds
Platform modules already initialized, skipping
Switching build target platform(2) subTarget(0) extendedPlatform(0) -> platform(9) subTarget(16777218) extendedPlatform(0)
Refreshing native plugins compatible for Editor in 0.36 ms, found 2 plugins.
Preloading 0 native plugins for Editor in 0.00 ms.
Unloading 1410 Unused Serialized files (Serialized files now loaded: 0)
System memory in use before: 143.8 MB.
System memory in use after: 143.9 MB.

Unloading 14 unused Assets to reduce memory usage. Loaded Objects now: 1884.
Total: 2.011773 ms (FindLiveObjects: 0.184057 ms CreateObjectMapping: 0.054881 ms MarkObjects: 1.711980 ms  DeleteObjects: 0.059729 ms)

AssetImportParameters requested are different than current active one (requested -> active):
  custom:graphics/normal-map-encoding: 01000000000000000000000000000000 -> 02000000000000000000000000000000
========================================================================
Received Prepare
Registering precompiled user dll's ...
Registered in 0.003469 seconds.
Begin MonoManager ReloadAssembly
Native extension for WindowsStandalone target not found
Native extension for OSXStandalone target not found
Native extension for WebGL target not found
Refreshing native plugins compatible for Editor in 0.37 ms, found 2 plugins.
Preloading 0 native plugins for Editor in 0.00 ms.
Mono: successfully reloaded assembly
- Completed reload, in  1.428 seconds
Platform modules already initialized, skipping
Switching build target platform(2) subTarget(0) extendedPlatform(0) -> platform(9) subTarget(16777218) extendedPlatform(0)
Refreshing native plugins compatible for Editor in 0.35 ms, found 2 plugins.
Preloading 0 native plugins for Editor in 0.00 ms.
Unloading 1410 Unused Serialized files (Serialized files now loaded: 0)
System memory in use before: 144.0 MB.
System memory in use after: 144.0 MB.

Unloading 14 unused Assets to reduce memory usage. Loaded Objects now: 1887.
Total: 2.078173 ms (FindLiveObjects: 0.170759 ms CreateObjectMapping: 0.061754 ms MarkObjects: 1.783684 ms  DeleteObjects: 0.060710 ms)

AssetImportParameters requested are different than current active one (requested -> active):
  custom:graphics/normal-map-encoding: 01000000000000000000000000000000 -> 02000000000000000000000000000000
========================================================================
Received Import Request.
  Time since last request: 2133.464808 seconds.
  path: Assets/TouchKit/Recognizers/TKPinchRecognizer.cs
  artifactKey: Guid(6fbc0b12876354ebb9ebe2a28e3d9709) Importer(815301076,1909f56bfc062723c751e8b465ee728b)
Start importing Assets/TouchKit/Recognizers/TKPinchRecognizer.cs using Guid(6fbc0b12876354ebb9ebe2a28e3d9709) Importer(815301076,1909f56bfc062723c751e8b465ee728b)  -> (artifact id: '267ba82ea7d3dbd64d49d27d3e4379ee') in 0.007032 seconds
  Import took 0.009896 seconds .

========================================================================
Received Import Request.
  Time since last request: 0.002464 seconds.
  path: Assets/TouchKit/Recognizers/TKPinchRecognizer.cs
  artifactKey: Guid(6fbc0b12876354ebb9ebe2a28e3d9709) Importer(815301076,1909f56bfc062723c751e8b465ee728b)
Start importing Assets/TouchKit/Recognizers/TKPinchRecognizer.cs using Guid(6fbc0b12876354ebb9ebe2a28e3d9709) Importer(815301076,1909f56bfc062723c751e8b465ee728b)  -> (artifact id: '267ba82ea7d3dbd64d49d27d3e4379ee') in 0.005642 seconds
  Import took 0.008429 seconds .

========================================================================
Received Prepare
Registering precompiled user dll's ...
Registered in 0.002765 seconds.
Begin MonoManager ReloadAssembly
Native extension for WindowsStandalone target not found
Native extension for OSXStandalone target not found
Native extension for WebGL target not found
Refreshing native plugins compatible for Editor in 0.36 ms, found 2 plugins.
Preloading 0 native plugins for Editor in 0.00 ms.
Mono: successfully reloaded assembly
- Completed reload, in  1.395 seconds
Platform modules already initialized, skipping
Switching build target platform(2) subTarget(0) extendedPlatform(0) -> platform(9) subTarget(16777218) extendedPlatform(0)
Refreshing native plugins compatible for Editor in 0.35 ms, found 2 plugins.
Preloading 0 native plugins for Editor in 0.00 ms.
Unloading 1410 Unused Serialized files (Serialized files now loaded: 0)
System memory in use before: 144.1 MB.
System memory in use after: 144.2 MB.

Unloading 14 unused Assets to reduce memory usage. Loaded Objects now: 1890.
Total: 2.006970 ms (FindLiveObjects: 0.169508 ms CreateObjectMapping: 0.052417 ms MarkObjects: 1.722368 ms  DeleteObjects: 0.061446 ms)

AssetImportParameters requested are different than current active one (requested -> active):
  custom:graphics/normal-map-encoding: 01000000000000000000000000000000 -> 02000000000000000000000000000000
========================================================================
Received Prepare
Registering precompiled user dll's ...
Registered in 0.002418 seconds.
Begin MonoManager ReloadAssembly
Native extension for WindowsStandalone target not found
Native extension for OSXStandalone target not found
Native extension for WebGL target not found
Refreshing native plugins compatible for Editor in 0.39 ms, found 2 plugins.
Preloading 0 native plugins for Editor in 0.00 ms.
Mono: successfully reloaded assembly
- Completed reload, in  1.478 seconds
Platform modules already initialized, skipping
Switching build target platform(2) subTarget(0) extendedPlatform(0) -> platform(9) subTarget(16777218) extendedPlatform(0)
Refreshing native plugins compatible for Editor in 0.44 ms, found 2 plugins.
Preloading 0 native plugins for Editor in 0.00 ms.
Unloading 1410 Unused Serialized files (Serialized files now loaded: 0)
System memory in use before: 144.3 MB.
System memory in use after: 144.4 MB.

Unloading 14 unused Assets to reduce memory usage. Loaded Objects now: 1893.
Total: 2.179948 ms (FindLiveObjects: 0.193576 ms CreateObjectMapping: 0.054897 ms MarkObjects: 1.865065 ms  DeleteObjects: 0.065067 ms)

AssetImportParameters requested are different than current active one (requested -> active):
  custom:graphics/normal-map-encoding: 01000000000000000000000000000000 -> 02000000000000000000000000000000
========================================================================
Received Prepare
Registering precompiled user dll's ...
Registered in 0.002923 seconds.
Begin MonoManager ReloadAssembly
Native extension for WindowsStandalone target not found
Native extension for OSXStandalone target not found
Native extension for WebGL target not found
Refreshing native plugins compatible for Editor in 0.40 ms, found 2 plugins.
Preloading 0 native plugins for Editor in 0.00 ms.
Mono: successfully reloaded assembly
- Completed reload, in  1.421 seconds
Platform modules already initialized, skipping
Switching build target platform(2) subTarget(0) extendedPlatform(0) -> platform(9) subTarget(16777218) extendedPlatform(0)
Refreshing native plugins compatible for Editor in 0.40 ms, found 2 plugins.
Preloading 0 native plugins for Editor in 0.00 ms.
Unloading 1410 Unused Serialized files (Serialized files now loaded: 0)
System memory in use before: 144.5 MB.
System memory in use after: 144.5 MB.

Unloading 14 unused Assets to reduce memory usage. Loaded Objects now: 1896.
Total: 2.781777 ms (FindLiveObjects: 0.219870 ms CreateObjectMapping: 0.095418 ms MarkObjects: 2.383467 ms  DeleteObjects: 0.081689 ms)

AssetImportParameters requested are different than current active one (requested -> active):
  custom:graphics/normal-map-encoding: 01000000000000000000000000000000 -> 02000000000000000000000000000000
========================================================================
Received Prepare
Registering precompiled user dll's ...
Registered in 0.001993 seconds.
Begin MonoManager ReloadAssembly
Native extension for WindowsStandalone target not found
Native extension for OSXStandalone target not found
Native extension for WebGL target not found
Refreshing native plugins compatible for Editor in 0.36 ms, found 2 plugins.
Preloading 0 native plugins for Editor in 0.00 ms.
Mono: successfully reloaded assembly
- Completed reload, in  1.408 seconds
Platform modules already initialized, skipping
Switching build target platform(2) subTarget(0) extendedPlatform(0) -> platform(9) subTarget(16777218) extendedPlatform(0)
Refreshing native plugins compatible for Editor in 0.36 ms, found 2 plugins.
Preloading 0 native plugins for Editor in 0.00 ms.
Unloading 1410 Unused Serialized files (Serialized files now loaded: 0)
System memory in use before: 144.6 MB.
System memory in use after: 144.7 MB.

Unloading 14 unused Assets to reduce memory usage. Loaded Objects now: 1899.
Total: 2.252362 ms (FindLiveObjects: 0.204074 ms CreateObjectMapping: 0.092319 ms MarkObjects: 1.896452 ms  DeleteObjects: 0.058484 ms)

AssetImportParameters requested are different than current active one (requested -> active):
  custom:graphics/normal-map-encoding: 01000000000000000000000000000000 -> 02000000000000000000000000000000
========================================================================
Received Prepare
Registering precompiled user dll's ...
Registered in 0.003083 seconds.
Begin MonoManager ReloadAssembly
Native extension for WindowsStandalone target not found
Native extension for OSXStandalone target not found
Native extension for WebGL target not found
Refreshing native plugins compatible for Editor in 0.41 ms, found 2 plugins.
Preloading 0 native plugins for Editor in 0.00 ms.
Mono: successfully reloaded assembly
- Completed reload, in  1.414 seconds
Platform modules already initialized, skipping
Switching build target platform(2) subTarget(0) extendedPlatform(0) -> platform(9) subTarget(16777218) extendedPlatform(0)
Refreshing native plugins compatible for Editor in 0.36 ms, found 2 plugins.
Preloading 0 native plugins for Editor in 0.00 ms.
Unloading 1410 Unused Serialized files (Serialized files now loaded: 0)
System memory in use before: 144.8 MB.
System memory in use after: 144.9 MB.

Unloading 14 unused Assets to reduce memory usage. Loaded Objects now: 1902.
Total: 2.284377 ms (FindLiveObjects: 0.238206 ms CreateObjectMapping: 0.095761 ms MarkObjects: 1.895052 ms  DeleteObjects: 0.054407 ms)

AssetImportParameters requested are different than current active one (requested -> active):
  custom:graphics/normal-map-encoding: 01000000000000000000000000000000 -> 02000000000000000000000000000000
========================================================================
Received Prepare
Registering precompiled user dll's ...
Registered in 0.001915 seconds.
Begin MonoManager ReloadAssembly
Native extension for WindowsStandalone target not found
Native extension for OSXStandalone target not found
Native extension for WebGL target not found
Refreshing native plugins compatible for Editor in 0.36 ms, found 2 plugins.
Preloading 0 native plugins for Editor in 0.00 ms.
Mono: successfully reloaded assembly
- Completed reload, in  1.433 seconds
Platform modules already initialized, skipping
Switching build target platform(2) subTarget(0) extendedPlatform(0) -> platform(9) subTarget(16777218) extendedPlatform(0)
Refreshing native plugins compatible for Editor in 0.35 ms, found 2 plugins.
Preloading 0 native plugins for Editor in 0.00 ms.
Unloading 1409 Unused Serialized files (Serialized files now loaded: 0)
System memory in use before: 145.0 MB.
System memory in use after: 145.1 MB.

Unloading 15 unused Assets to reduce memory usage. Loaded Objects now: 1904.
Total: 2.035034 ms (FindLiveObjects: 0.164394 ms CreateObjectMapping: 0.051855 ms MarkObjects: 1.755917 ms  DeleteObjects: 0.061673 ms)

AssetImportParameters requested are different than current active one (requested -> active):
  custom:graphics/normal-map-encoding: 01000000000000000000000000000000 -> 02000000000000000000000000000000
========================================================================
Received Import Request.
  Time since last request: 948.565790 seconds.
  path: Assets/TouchKit/Recognizers/TKRotationRecognizer.cs
  artifactKey: Guid(c732a760266d044c28bd68c3db8bd88d) Importer(815301076,1909f56bfc062723c751e8b465ee728b)
Start importing Assets/TouchKit/Recognizers/TKRotationRecognizer.cs using Guid(c732a760266d044c28bd68c3db8bd88d) Importer(815301076,1909f56bfc062723c751e8b465ee728b)  -> (artifact id: '628467acc4e3258d299c43d1f7fabf3c') in 0.006595 seconds
  Import took 0.008884 seconds .

========================================================================
Received Prepare
Registering precompiled user dll's ...
Registered in 0.001935 seconds.
Begin MonoManager ReloadAssembly
Native extension for WindowsStandalone target not found
Native extension for OSXStandalone target not found
Native extension for WebGL target not found
Refreshing native plugins compatible for Editor in 0.36 ms, found 2 plugins.
Preloading 0 native plugins for Editor in 0.00 ms.
Mono: successfully reloaded assembly
- Completed reload, in  1.431 seconds
Platform modules already initialized, skipping
Switching build target platform(2) subTarget(0) extendedPlatform(0) -> platform(9) subTarget(16777218) extendedPlatform(0)
Refreshing native plugins compatible for Editor in 0.38 ms, found 2 plugins.
Preloading 0 native plugins for Editor in 0.00 ms.
Unloading 1401 Unused Serialized files (Serialized files now loaded: 0)
System memory in use before: 144.9 MB.
System memory in use after: 145.0 MB.

Unloading 22 unused Assets to reduce memory usage. Loaded Objects now: 1899.
Total: 2.384780 ms (FindLiveObjects: 0.221238 ms CreateObjectMapping: 0.093412 ms MarkObjects: 2.003190 ms  DeleteObjects: 0.065850 ms)

AssetImportParameters requested are different than current active one (requested -> active):
  custom:graphics/normal-map-encoding: 01000000000000000000000000000000 -> 02000000000000000000000000000000
========================================================================
Received Prepare
Registering precompiled user dll's ...
Registered in 0.003875 seconds.
Begin MonoManager ReloadAssembly
Native extension for WindowsStandalone target not found
Native extension for OSXStandalone target not found
Native extension for WebGL target not found
Refreshing native plugins compatible for Editor in 0.40 ms, found 2 plugins.
Preloading 0 native plugins for Editor in 0.00 ms.
Mono: successfully reloaded assembly
- Completed reload, in  1.586 seconds
Platform modules already initialized, skipping
Switching build target platform(2) subTarget(0) extendedPlatform(0) -> platform(9) subTarget(16777218) extendedPlatform(0)
Refreshing native plugins compatible for Editor in 0.41 ms, found 2 plugins.
Preloading 0 native plugins for Editor in 0.00 ms.
Unloading 1401 Unused Serialized files (Serialized files now loaded: 0)
System memory in use before: 145.1 MB.
System memory in use after: 145.1 MB.

Unloading 14 unused Assets to reduce memory usage. Loaded Objects now: 1902.
Total: 2.322968 ms (FindLiveObjects: 0.212982 ms CreateObjectMapping: 0.100332 ms MarkObjects: 1.945661 ms  DeleteObjects: 0.062950 ms)

AssetImportParameters requested are different than current active one (requested -> active):
  custom:graphics/normal-map-encoding: 01000000000000000000000000000000 -> 02000000000000000000000000000000
